Run npm run check

> rest-express@1.0.0 check
> tsc

Error: client/src/components/BreedCombobox.tsx(49,30): error TS2339: Property 'species' does not exist on type '{ type: string; id: string; nameEn: string; nameZh: string | null; commonNames: string[] | null; }'.
Error: client/src/components/BreedCombobox.tsx(49,59): error TS2339: Property 'active' does not exist on type '{ type: string; id: string; nameEn: string; nameZh: string | null; commonNames: string[] | null; }'.
Error: client/src/components/BreedCombobox.tsx(51,17): error TS2339: Property 'breedEn' does not exist on type '{ type: string; id: string; nameEn: string; nameZh: string | null; commonNames: string[] | null; }'.
Error: client/src/components/BreedCombobox.tsx(52,17): error TS2339: Property 'breedZh' does not exist on type '{ type: string; id: string; nameEn: string; nameZh: string | null; commonNames: string[] | null; }'.
Error: client/src/components/BreedCombobox.tsx(52,34): error TS2339: Property 'breedEn' does not exist on type '{ type: string; id: string; nameEn: string; nameZh: string | null; commonNames: string[] | null; }'.
Error: client/src/components/PhoneInput.tsx(35,22): error TS2339: Property 'active' does not exist on type '{ code: string; id: string; region: string | null; nameEn: string; nameZh: string | null; }'.
Error: client/src/components/PhoneInput.tsx(40,26): error TS2339: Property 'phonePrefix' does not exist on type '{ code: string; id: string; region: string | null; nameEn: string; nameZh: string | null; }'.
Error: client/src/components/PhoneInput.tsx(40,50): error TS2339: Property 'phonePrefix' does not exist on type '{ code: string; id: string; region: string | null; nameEn: string; nameZh: string | null; }'.
Error: client/src/components/PhoneInput.tsx(60,59): error TS2339: Property 'phonePrefix' does not exist on type '{ code: string; id: string; region: string | null; nameEn: string; nameZh: string | null; }'.
Error: client/src/components/PhoneInput.tsx(61,24): error TS2339: Property 'flag' does not exist on type '{ code: string; id: string; region: string | null; nameEn: string; nameZh: string | null; }'.
Error: client/src/components/PhoneInput.tsx(61,39): error TS2339: Property 'phonePrefix' does not exist on type '{ code: string; id: string; region: string | null; nameEn: string; nameZh: string | null; }'.
Error: client/src/hooks/useTranslation.ts(15,25): error TS2339: Property 'value' does not exist on type '{ key: string; id: string; en: string; zhHk: string; }'.
Error: client/src/lib/webVitals.ts(6,37): error TS2339: Property 'trackEvent' does not exist on type '{ initialize(measurementId: string): void; pageView(path: string, title?: string | undefined): void; event(eventName: string, parameters?: Record<string, any> | undefined): void; ... 12 more ...; trackLanguageSwitch(data: { ...; }): void; }'.
Error: client/src/lib/webVitals.ts(7,15): error TS2339: Property 'trackEvent' does not exist on type '{ initialize(measurementId: string): void; pageView(path: string, title?: string | undefined): void; event(eventName: string, parameters?: Record<string, any> | undefined): void; ... 12 more ...; trackLanguageSwitch(data: { ...; }): void; }'.
Error: client/src/pages/admin-config.tsx(113,7): error TS2353: Object literal may only specify known properties, and 'flag' does not exist in type 'AsyncDefaultValues<{ code: string; nameEn: string; phonePrefix: string; region?: string | null | undefined; nameZh?: string | null | undefined; }> | { code?: string | undefined; nameEn?: string | undefined; phonePrefix?: string | undefined; region?: string | ... 1 more ... | undefined; nameZh?: string | ... 1 more ....'.
Error: client/src/pages/admin-config.tsx(176,30): error TS2339: Property 'phonePrefix' does not exist on type '{ code: string; id: string; region: string | null; nameEn: string; nameZh: string | null; }'.
Error: client/src/pages/admin-config.tsx(177,9): error TS2353: Object literal may only specify known properties, and 'flag' does not exist in type '{ code: string; nameEn: string; phonePrefix: string; region?: string | null | undefined; nameZh?: string | null | undefined; } | { code?: string | undefined; nameEn?: string | undefined; phonePrefix?: string | undefined; region?: string | ... 1 more ... | undefined; nameZh?: string | ... 1 more ... | undefined; } | ...'.
Error: client/src/pages/admin-config.tsx(177,23): error TS2339: Property 'flag' does not exist on type '{ code: string; id: string; region: string | null; nameEn: string; nameZh: string | null; }'.
Error: client/src/pages/admin-config.tsx(178,25): error TS2339: Property 'active' does not exist on type '{ code: string; id: string; region: string | null; nameEn: string; nameZh: string | null; }'.
Error: client/src/pages/admin-config.tsx(187,9): error TS2353: Object literal may only specify known properties, and 'flag' does not exist in type '{ code: string; nameEn: string; phonePrefix: string; region?: string | null | undefined; nameZh?: string | null | undefined; } | { code?: string | undefined; nameEn?: string | undefined; phonePrefix?: string | undefined; region?: string | ... 1 more ... | undefined; nameZh?: string | ... 1 more ... | undefined; } | ...'.
Error: client/src/pages/admin-config.tsx(198,28): error TS2339: Property 'active' does not exist on type '{ code: string; nameEn: string; phonePrefix: string; region?: string | null | undefined; nameZh?: string | null | undefined; }'.
Error: client/src/pages/admin-config.tsx(226,49): error TS2345: Argument of type '(data: z.infer<typeof countryFormSchema>) => void' is not assignable to parameter of type 'SubmitHandler<TFieldValues>'.
  Types of parameters 'data' and 'data' are incompatible.
    Type 'TFieldValues' is not assignable to type '{ code: string; nameEn: string; phonePrefix: string; region?: string | null | undefined; nameZh?: string | null | undefined; }'.
      Type 'FieldValues' is missing the following properties from type '{ code: string; nameEn: string; phonePrefix: string; region?: string | null | undefined; nameZh?: string | null | undefined; }': code, nameEn, phonePrefix
Error: client/src/pages/admin-config.tsx(228,19): error TS2322: Type 'Control<{ code: string; nameEn: string; phonePrefix: string; region?: string | null | undefined; nameZh?: string | null | undefined; }, any, TFieldValues>' is not assignable to type 'Control<{ code: string; nameEn: string; phonePrefix: string; region?: string | null | undefined; nameZh?: string | null | undefined; }, any, { code: string; nameEn: string; phonePrefix: string; region?: string | ... 1 more ... | undefined; nameZh?: string | ... 1 more ... | undefined; }>'.
  The types of '_options.resolver' are incompatible between these types.
    Type 'Resolver<{ code: string; nameEn: string; phonePrefix: string; region?: string | null | undefined; nameZh?: string | null | undefined; }, any, TFieldValues> | undefined' is not assignable to type 'Resolver<{ code: string; nameEn: string; phonePrefix: string; region?: string | null | undefined; nameZh?: string | null | undefined; }, any, { code: string; nameEn: string; phonePrefix: string; region?: string | ... 1 more ... | undefined; nameZh?: string | ... 1 more ... | undefined; }> | undefined'.
      Type 'Resolver<{ code: string; nameEn: string; phonePrefix: string; region?: string | null | undefined; nameZh?: string | null | undefined; }, any, TFieldValues>' is not assignable to type 'Resolver<{ code: string; nameEn: string; phonePrefix: string; region?: string | null | undefined; nameZh?: string | null | undefined; }, any, { code: string; nameEn: string; phonePrefix: string; region?: string | ... 1 more ... | undefined; nameZh?: string | ... 1 more ... | undefined; }>'.
        Type 'TFieldValues' is not assignable to type '{ code: string; nameEn: string; phonePrefix: string; region?: string | null | undefined; nameZh?: string | null | undefined; }'.
          Type 'FieldValues' is missing the following properties from type '{ code: string; nameEn: string; phonePrefix: string; region?: string | null | undefined; nameZh?: string | null | undefined; }': code, nameEn, phonePrefix
Error: client/src/pages/admin-config.tsx(241,19): error TS2322: Type 'Control<{ code: string; nameEn: string; phonePrefix: string; region?: string | null | undefined; nameZh?: string | null | undefined; }, any, TFieldValues>' is not assignable to type 'Control<{ code: string; nameEn: string; phonePrefix: string; region?: string | null | undefined; nameZh?: string | null | undefined; }, any, { code: string; nameEn: string; phonePrefix: string; region?: string | ... 1 more ... | undefined; nameZh?: string | ... 1 more ... | undefined; }>'.
  The types of '_options.resolver' are incompatible between these types.
    Type 'Resolver<{ code: string; nameEn: string; phonePrefix: string; region?: string | null | undefined; nameZh?: string | null | undefined; }, any, TFieldValues> | undefined' is not assignable to type 'Resolver<{ code: string; nameEn: string; phonePrefix: string; region?: string | null | undefined; nameZh?: string | null | undefined; }, any, { code: string; nameEn: string; phonePrefix: string; region?: string | ... 1 more ... | undefined; nameZh?: string | ... 1 more ... | undefined; }> | undefined'.
      Type 'Resolver<{ code: string; nameEn: string; phonePrefix: string; region?: string | null | undefined; nameZh?: string | null | undefined; }, any, TFieldValues>' is not assignable to type 'Resolver<{ code: string; nameEn: string; phonePrefix: string; region?: string | null | undefined; nameZh?: string | null | undefined; }, any, { code: string; nameEn: string; phonePrefix: string; region?: string | ... 1 more ... | undefined; nameZh?: string | ... 1 more ... | undefined; }>'.
        Type 'TFieldValues' is not assignable to type '{ code: string; nameEn: string; phonePrefix: string; region?: string | null | undefined; nameZh?: string | null | undefined; }'.
          Type 'FieldValues' is missing the following properties from type '{ code: string; nameEn: string; phonePrefix: string; region?: string | null | undefined; nameZh?: string | null | undefined; }': code, nameEn, phonePrefix
Error: client/src/pages/admin-config.tsx(254,19): error TS2322: Type 'Control<{ code: string; nameEn: string; phonePrefix: string; region?: string | null | undefined; nameZh?: string | null | undefined; }, any, TFieldValues>' is not assignable to type 'Control<{ code: string; nameEn: string; phonePrefix: string; region?: string | null | undefined; nameZh?: string | null | undefined; }, any, { code: string; nameEn: string; phonePrefix: string; region?: string | ... 1 more ... | undefined; nameZh?: string | ... 1 more ... | undefined; }>'.
  The types of '_options.resolver' are incompatible between these types.
    Type 'Resolver<{ code: string; nameEn: string; phonePrefix: string; region?: string | null | undefined; nameZh?: string | null | undefined; }, any, TFieldValues> | undefined' is not assignable to type 'Resolver<{ code: string; nameEn: string; phonePrefix: string; region?: string | null | undefined; nameZh?: string | null | undefined; }, any, { code: string; nameEn: string; phonePrefix: string; region?: string | ... 1 more ... | undefined; nameZh?: string | ... 1 more ... | undefined; }> | undefined'.
      Type 'Resolver<{ code: string; nameEn: string; phonePrefix: string; region?: string | null | undefined; nameZh?: string | null | undefined; }, any, TFieldValues>' is not assignable to type 'Resolver<{ code: string; nameEn: string; phonePrefix: string; region?: string | null | undefined; nameZh?: string | null | undefined; }, any, { code: string; nameEn: string; phonePrefix: string; region?: string | ... 1 more ... | undefined; nameZh?: string | ... 1 more ... | undefined; }>'.
        Type 'TFieldValues' is not assignable to type '{ code: string; nameEn: string; phonePrefix: string; region?: string | null | undefined; nameZh?: string | null | undefined; }'.
Error: server/storage.ts(526,70): error TS2339: Property 'species' does not exist on type '{ type: string; id: string; nameEn: string; nameZh: string | null; commonNames: string[] | null; }'.
Error: server/storage.ts(531,13): error TS2339: Property 'countryCode' does not exist on type '{ type: string; id: string; nameEn: string; nameZh: string | null; commonNames: string[] | null; }'.
Error: server/storage.ts(531,50): error TS2339: Property 'countryCode' does not exist on type '{ type: string; id: string; nameEn: string; nameZh: string | null; commonNames: string[] | null; }'.
Error: server/storage.ts(536,78): error TS2339: Property 'isCommon' does not exist on type '{ type: string; id: string; nameEn: string; nameZh: string | null; commonNames: string[] | null; }'.
Error: server/storage.ts(538,43): error TS2339: Property 'species' does not exist on type '{ type: string; id: string; nameEn: string; nameZh: string | null; commonNames: string[] | null; }'.
Error: server/storage.ts(552,7): error TS2353: Object literal may only specify known properties, and 'breedZh' does not exist in type '{ type: string; id: string; nameEn: string; nameZh: string | null; commonNames: string[] | null; }'.
Error: server/storage.ts(552,28): error TS2339: Property 'breedZh' does not exist on type '{ type: string; nameEn: string; nameZh?: string | null | undefined; commonNames?: string[] | null | undefined; }'.
Error: server/storage.ts(553,32): error TS2339: Property 'countryCode' does not exist on type '{ type: string; nameEn: string; nameZh?: string | null | undefined; commonNames?: string[] | null | undefined; }'.
Error: server/storage.ts(554,29): error TS2339: Property 'isCommon' does not exist on type '{ type: string; nameEn: string; nameZh?: string | null | undefined; commonNames?: string[] | null | undefined; }'.
Error: server/storage.ts(555,27): error TS2339: Property 'active' does not exist on type '{ type: string; nameEn: string; nameZh?: string | null | undefined; commonNames?: string[] | null | undefined; }'.
Error: server/storage.ts(633,7): error TS2353: Object literal may only specify known properties, and 'updatedAt' does not exist in type '{ address: string; id: string; name: string; status: string; email: string | null; location: string | null; phone: string; createdAt: Date; nameZh: string | null; addressZh: string | null; ... 9 more ...; ownerVerificationCode: string | null; }'.
Error: server/storage.ts(717,7): error TS2353: Object literal may only specify known properties, and 'petSpecies' does not exist in type '{ id: string; status: string; location: string | null; createdAt: Date; userId: string | null; regionId: string | null; latitude: string; longitude: string; petId: string | null; petName: string | null; ... 4 more ...; contactPhone: string; }'.
Error: server/storage.ts(717,33): error TS2339: Property 'petSpecies' does not exist on type '{ latitude: string; longitude: string; severity: string; contactName: string; contactPhone: string; status?: string | undefined; location?: string | null | undefined; userId?: string | null | undefined; ... 4 more ...; locationName?: string | ... 1 more ... | undefined; }'.
Error: server/storage.ts(718,31): error TS2339: Property 'petBreed' does not exist on type '{ latitude: string; longitude: string; severity: string; contactName: string; contactPhone: string; status?: string | undefined; location?: string | null | undefined; userId?: string | null | undefined; ... 4 more ...; locationName?: string | ... 1 more ... | undefined; }'.
Error: server/storage.ts(719,29): error TS2339: Property 'petAge' does not exist on type '{ latitude: string; longitude: string; severity: string; contactName: string; contactPhone: string; status?: string | undefined; location?: string | null | undefined; userId?: string | null | undefined; ... 4 more ...; locationName?: string | ... 1 more ... | undefined; }'.
Error: server/storage.ts(720,39): error TS2339: Property 'locationLatitude' does not exist on type '{ latitude: string; longitude: string; severity: string; contactName: string; contactPhone: string; status?: string | undefined; location?: string | null | undefined; userId?: string | null | undefined; ... 4 more ...; locationName?: string | ... 1 more ... | undefined; }'.
Error: server/storage.ts(721,40): error TS2339: Property 'locationLongitude' does not exist on type '{ latitude: string; longitude: string; severity: string; contactName: string; contactPhone: string; status?: string | undefined; location?: string | null | undefined; userId?: string | null | undefined; ... 4 more ...; locationName?: string | ... 1 more ... | undefined; }'.
Error: server/storage.ts(722,37): error TS2339: Property 'manualLocation' does not exist on type '{ latitude: string; longitude: string; severity: string; contactName: string; contactPhone: string; status?: string | undefined; location?: string | null | undefined; userId?: string | null | undefined; ... 4 more ...; locationName?: string | ... 1 more ... | undefined; }'.
Error: server/storage.ts(725,38): error TS2339: Property 'voiceTranscript' does not exist on type '{ latitude: string; longitude: string; severity: string; contactName: string; contactPhone: string; status?: string | undefined; location?: string | null | undefined; userId?: string | null | undefined; ... 4 more ...; locationName?: string | ... 1 more ... | undefined; }'.
Error: server/storage.ts(726,39): error TS2339: Property 'isVoiceRecording' does not exist on type '{ latitude: string; longitude: string; severity: string; contactName: string; contactPhone: string; status?: string | undefined; location?: string | null | undefined; userId?: string | null | undefined; ... 4 more ...; locationName?: string | ... 1 more ... | undefined; }'.
Error: server/storage.ts(727,41): error TS2339: Property 'aiAnalyzedSymptoms' does not exist on type '{ latitude: string; longitude: string; severity: string; contactName: string; contactPhone: string; status?: string | undefined; location?: string | null | undefined; userId?: string | null | undefined; ... 4 more ...; locationName?: string | ... 1 more ... | undefined; }'.
Error: server/storage.ts(848,7): error TS2353: Object literal may only specify known properties, and 'createdAt' does not exist in type '{ id: string; userId: string; consentType: string; accepted: boolean; consentedAt: Date; }'.
Error: server/storage.ts(849,32): error TS2339: Property 'ipAddress' does not exist on type '{ userId: string; consentType: string; accepted: boolean; }'.
Error: server/storage.ts(850,32): error TS2339: Property 'userAgent' does not exist on type '{ userId: string; consentType: string; accepted: boolean; }'.
Error: server/storage.ts(851,32): error TS2339: Property 'expiresAt' does not exist on type '{ userId: string; consentType: string; accepted: boolean; }'.
Error: server/storage.ts(860,14): error TS2339: Property 'language' does not exist on type '{ key: string; id: string; en: string; zhHk: string; }'.
Error: server/storage.ts(866,31): error TS2339: Property 'language' does not exist on type '{ key: string; id: string; en: string; zhHk: string; }'.
Error: server/storage.ts(875,7): error TS2353: Object literal may only specify known properties, and 'updatedAt' does not exist in type '{ key: string; id: string; en: string; zhHk: string; }'.
Error: server/storage.ts(876,36): error TS2339: Property 'namespace' does not exist on type '{ key: string; en: string; zhHk: string; }'.
Error: server/storage.ts(945,11): error TS2322: Type '{ id: `${string}-${string}-${string}-${string}-${string}`; createdAt: Date; updatedAt: Date; latitude: string | null; longitude: string | null; location: null; phone: string | null; whatsapp: string | null; ... 47 more ...; oxygenTank?: boolean | ... 1 more ... | undefined; }' is not assignable to type '{ id: string; email: string | null; location: string | null; phone: string | null; createdAt: Date; updatedAt: Date; nameEn: string; nameZh: string; addressZh: string; whatsapp: string | null; ... 45 more ...; refundPolicy: string | null; }'.
  Types of property 'email' are incompatible.
    Type 'string | null | undefined' is not assignable to type 'string | null'.
      Type 'undefined' is not assignable to type 'string | null'.
Error: server/storage.ts(1208,29): error TS2353: Object literal may only specify known properties, and 'updatedAt' does not exist in type '{ address?: string | SQL<unknown> | PgColumn<ColumnBaseConfig<ColumnDataType, string>, {}, {}> | undefined; name?: string | SQL<unknown> | PgColumn<...> | undefined; ... 17 more ...; ownerVerificationCode?: string | ... 3 more ... | undefined; }'.
Error: server/storage.ts(1216,34): error TS2353: Object literal may only specify known properties, and 'updatedAt' does not exist in type '{ address?: string | SQL<unknown> | PgColumn<ColumnBaseConfig<ColumnDataType, string>, {}, {}> | undefined; name?: string | SQL<unknown> | PgColumn<...> | undefined; ... 17 more ...; ownerVerificationCode?: string | ... 3 more ... | undefined; }'.
Error: server/storage.ts(1250,61): error TS2551: Property 'countryCode' does not exist on type 'PgTableWithColumns<{ name: "regions"; schema: undefined; columns: { id: PgColumn<{ name: "id"; tableName: "regions"; dataType: "string"; columnType: "PgVarchar"; data: string; driverParam: string; notNull: true; hasDefault: true; ... 6 more ...; generated: undefined; }, {}, { ...; }>; countryId: PgColumn<...>; code:...'. Did you mean 'countryId'?
Error: server/storage.ts(1268,65): error TS2339: Property 'active' does not exist on type 'PgTableWithColumns<{ name: "countries"; schema: undefined; columns: { id: PgColumn<{ name: "id"; tableName: "countries"; dataType: "string"; columnType: "PgVarchar"; data: string; driverParam: string; notNull: true; hasDefault: true; ... 6 more ...; generated: undefined; }, {}, { ...; }>; code: PgColumn<...>; nameEn...'.
Error: server/storage.ts(1286,14): error TS2353: Object literal may only specify known properties, and 'active' does not exist in type '{ code?: string | SQL<unknown> | PgColumn<ColumnBaseConfig<ColumnDataType, string>, {}, {}> | undefined; nameEn?: string | SQL<unknown> | PgColumn<...> | undefined; id?: string | ... 2 more ... | undefined; region?: string | ... 3 more ... | undefined; nameZh?: string | ... 3 more ... | undefined; }'.
Error: server/storage.ts(1299,24): error TS2339: Property 'species' does not exist on type 'PgTableWithColumns<{ name: "pet_breeds"; schema: undefined; columns: { id: PgColumn<{ name: "id"; tableName: "pet_breeds"; dataType: "string"; columnType: "PgVarchar"; data: string; driverParam: string; notNull: true; hasDefault: true; ... 6 more ...; generated: undefined; }, {}, { ...; }>; type: PgColumn<...>; name...'.
Error: server/storage.ts(1299,56): error TS2339: Property 'active' does not exist on type 'PgTableWithColumns<{ name: "pet_breeds"; schema: undefined; columns: { id: PgColumn<{ name: "id"; tableName: "pet_breeds"; dataType: "string"; columnType: "PgVarchar"; data: string; driverParam: string; notNull: true; hasDefault: true; ... 6 more ...; generated: undefined; }, {}, { ...; }>; type: PgColumn<...>; name...'.
Error: server/storage.ts(1305,24): error TS2339: Property 'countryCode' does not exist on type 'PgTableWithColumns<{ name: "pet_breeds"; schema: undefined; columns: { id: PgColumn<{ name: "id"; tableName: "pet_breeds"; dataType: "string"; columnType: "PgVarchar"; data: string; driverParam: string; notNull: true; hasDefault: true; ... 6 more ...; generated: undefined; }, {}, { ...; }>; type: PgColumn<...>; name...'.
Error: server/storage.ts(1305,64): error TS2339: Property 'active' does not exist on type 'PgTableWithColumns<{ name: "pet_breeds"; schema: undefined; columns: { id: PgColumn<{ name: "id"; tableName: "pet_breeds"; dataType: "string"; columnType: "PgVarchar"; data: string; driverParam: string; notNull: true; hasDefault: true; ... 6 more ...; generated: undefined; }, {}, { ...; }>; type: PgColumn<...>; name...'.
Error: server/storage.ts(1310,38): error TS2339: Property 'isCommon' does not exist on type 'PgTableWithColumns<{ name: "pet_breeds"; schema: undefined; columns: { id: PgColumn<{ name: "id"; tableName: "pet_breeds"; dataType: "string"; columnType: "PgVarchar"; data: string; driverParam: string; notNull: true; hasDefault: true; ... 6 more ...; generated: undefined; }, {}, { ...; }>; type: PgColumn<...>; name...'.
Error: server/storage.ts(1310,68): error TS2339: Property 'active' does not exist on type 'PgTableWithColumns<{ name: "pet_breeds"; schema: undefined; columns: { id: PgColumn<{ name: "id"; tableName: "pet_breeds"; dataType: "string"; columnType: "PgVarchar"; data: string; driverParam: string; notNull: true; hasDefault: true; ... 6 more ...; generated: undefined; }, {}, { ...; }>; type: PgColumn<...>; name...'.
Error: server/storage.ts(1312,36): error TS2339: Property 'species' does not exist on type 'PgTableWithColumns<{ name: "pet_breeds"; schema: undefined; columns: { id: PgColumn<{ name: "id"; tableName: "pet_breeds"; dataType: "string"; columnType: "PgVarchar"; data: string; driverParam: string; notNull: true; hasDefault: true; ... 6 more ...; generated: undefined; }, {}, { ...; }>; type: PgColumn<...>; name...'.
Error: server/storage.ts(1318,65): error TS2339: Property 'active' does not exist on type 'PgTableWithColumns<{ name: "pet_breeds"; schema: undefined; columns: { id: PgColumn<{ name: "id"; tableName: "pet_breeds"; dataType: "string"; columnType: "PgVarchar"; data: string; driverParam: string; notNull: true; hasDefault: true; ... 6 more ...; generated: undefined; }, {}, { ...; }>; type: PgColumn<...>; name...'.
Error: server/storage.ts(1336,14): error TS2353: Object literal may only specify known properties, and 'active' does not exist in type '{ type?: string | SQL<unknown> | PgColumn<ColumnBaseConfig<ColumnDataType, string>, {}, {}> | undefined; nameEn?: string | SQL<unknown> | PgColumn<...> | undefined; id?: string | ... 2 more ... | undefined; nameZh?: string | ... 3 more ... | undefined; commonNames?: string[] | ... 3 more ... | undefined; }'.
Error: server/storage.ts(1348,65): error TS2339: Property 'username' does not exist on type 'PgTableWithColumns<{ name: "users"; schema: undefined; columns: { id: PgColumn<{ name: "id"; tableName: "users"; dataType: "string"; columnType: "PgVarchar"; data: string; driverParam: string; notNull: true; hasDefault: true; ... 6 more ...; generated: undefined; }, {}, { ...; }>; ... 13 more ...; updatedAt: PgColum...'.
Error: server/testUtils.ts(65,42): error TS2353: Object literal may only specify known properties, and 'clinicId' does not exist in type 'Partial<{ role?: string | undefined; name?: string | null | undefined; region?: string | null | undefined; email?: string | null | undefined; language?: string | null | undefined; passwordHash?: string | ... 1 more ... | undefined; ... 5 more ...; verificationCode?: string | ... 1 more ... | undefined; }>'.
Error: Process completed with exit code 2.